<?xml version="1.0" encoding="UTF-8"?>
<!-- Generated by org.testng.reporters.JUnitReportReporter -->
<testsuite skipped="0" hostname="Rohit" name="TestCases.TestCase_01" tests="5" failures="0" timestamp="2024-01-24T17:52:35 IST" time="4.049" errors="0">
  <testcase name="verifyURL" time="0.015" classname="TestCases.TestCase_01"/>
  <system-out/>
  <testcase name="getTitle" time="0.015" classname="TestCases.TestCase_01"/>
  <system-out/>
  <testcase name="verify_loginPage" time="0.050" classname="TestCases.TestCase_01"/>
  <system-out/>
  <testcase name="fillForm" time="3.939" classname="TestCases.TestCase_01"/>
  <system-out/>
  <testcase name="verifyLogin" time="0.030" classname="TestCases.TestCase_01"/>
  <system-out/>
</testsuite> <!-- TestCases.TestCase_01 -->
